android/java/MesiboConference/app/build/intermediates/manifest_merge_blame_file/debug/manifest-merger-blame-debug-report.txt
1<?xml version="1.0" encoding="utf-8"?>
2<manifest xmlns:android="http://schemas.android.com/apk/res/android"
3    package="com.mesibo.confdemo"
4    android:versionCode="1"
5    android:versionName="1.0.0" >
6
7    <uses-sdk
8        android:minSdkVersion="16"
8-->src/main/AndroidManifest.xml
9        android:targetSdkVersion="30" />
9-->src/main/AndroidManifest.xml
10
11    <uses-permission android:name="android.permission.READ_EXTERNAL_STORAGE" />
11-->src/main/AndroidManifest.xml:5:5-80
11-->src/main/AndroidManifest.xml:5:22-77
12    <uses-permission android:name="android.permission.INTERNET" />
12-->[com.mesibo.api:uihelper:0.0.37] AndroidManifest.xml:12:5-67
12-->[com.mesibo.api:uihelper:0.0.37] AndroidManifest.xml:12:22-64
13    <uses-permission android:name="android.permission.WRITE_EXTERNAL_STORAGE" />
13-->[com.mesibo.api:uihelper:0.0.37] AndroidManifest.xml:14:5-81
13-->[com.mesibo.api:uihelper:0.0.37] AndroidManifest.xml:14:22-78
14    <uses-permission
14-->[com.mesibo.api:uihelper:0.0.37] AndroidManifest.xml:15:5-17:36
15        android:name="android.permission.READ_PHONE_STATE"
15-->[com.mesibo.api:uihelper:0.0.37] AndroidManifest.xml:16:9-59
16        android:required="false" />
16-->[com.mesibo.api:uihelper:0.0.37] AndroidManifest.xml:17:9-33
17    <uses-permission android:name="android.permission.SYSTEM_ALERT_WINDOW" />
17-->[com.mesibo.api:calls:1.2.78] AndroidManifest.xml:11:5-78
17-->[com.mesibo.api:calls:1.2.78] AndroidManifest.xml:11:22-75
18    <uses-permission android:name="android.permission.ACTION_MANAGE_OVERLAY_PERMISSION" />
18-->[com.mesibo.api:calls:1.2.78] AndroidManifest.xml:12:5-91
18-->[com.mesibo.api:calls:1.2.78] AndroidManifest.xml:12:22-88
19
20    <uses-feature
20-->[com.mesibo.api:calls:1.2.78] AndroidManifest.xml:14:5-16:36
21        android:name="android.hardware.telephony"
21-->[com.mesibo.api:calls:1.2.78] AndroidManifest.xml:15:9-50
22        android:required="false" />
22-->[com.mesibo.api:calls:1.2.78] AndroidManifest.xml:16:9-33
23    <uses-feature
23-->[com.mesibo.api:calls:1.2.78] AndroidManifest.xml:17:5-19:36
24        android:name="android.hardware.bluetooth"
24-->[com.mesibo.api:calls:1.2.78] AndroidManifest.xml:18:9-50
25        android:required="false" />
25-->[com.mesibo.api:calls:1.2.78] AndroidManifest.xml:19:9-33
26
27    <uses-permission android:name="android.permission.BLUETOOTH" />
27-->[com.mesibo.api:calls:1.2.78] AndroidManifest.xml:21:5-68
27-->[com.mesibo.api:calls:1.2.78] AndroidManifest.xml:21:22-65
28    <uses-permission android:name="android.permission.BLUETOOTH_ADMIN" />
28-->[com.mesibo.api:calls:1.2.78] AndroidManifest.xml:22:5-74
28-->[com.mesibo.api:calls:1.2.78] AndroidManifest.xml:22:22-71
29    <uses-permission android:name="android.permission.MANAGE_OWN_CALLS" />
29-->[com.mesibo.api:calls:1.2.78] AndroidManifest.xml:24:5-75
29-->[com.mesibo.api:calls:1.2.78] AndroidManifest.xml:24:22-72
30    <uses-permission android:name="android.permission.MODIFY_AUDIO_SETTINGS" />
30-->[com.mesibo.api:calls:1.2.78] AndroidManifest.xml:25:5-80
30-->[com.mesibo.api:calls:1.2.78] AndroidManifest.xml:25:22-77
31    <uses-permission android:name="android.permission.RECORD_AUDIO" />
31-->[com.mesibo.api:calls:1.2.78] AndroidManifest.xml:26:5-71
31-->[com.mesibo.api:calls:1.2.78] AndroidManifest.xml:26:22-68
32    <uses-permission android:name="android.permission.USE_CREDENTIALS" />
32-->[com.mesibo.api:calls:1.2.78] AndroidManifest.xml:27:5-74
32-->[com.mesibo.api:calls:1.2.78] AndroidManifest.xml:27:22-71
33    <uses-permission android:name="android.permission.VIBRATE" />
33-->[com.mesibo.api:calls:1.2.78] AndroidManifest.xml:28:5-66
33-->[com.mesibo.api:calls:1.2.78] AndroidManifest.xml:28:22-63
34    <uses-permission android:name="android.permission.WAKE_LOCK" />
34-->[com.mesibo.api:calls:1.2.78] AndroidManifest.xml:29:5-68
34-->[com.mesibo.api:calls:1.2.78] AndroidManifest.xml:29:22-65
35    <uses-permission android:name="android.permission.USE_FULL_SCREEN_INTENT" /> <!-- some device having issues with this hence we keeping it options -->
35-->[com.mesibo.api:calls:1.2.78] AndroidManifest.xml:30:5-81
35-->[com.mesibo.api:calls:1.2.78] AndroidManifest.xml:30:22-78
36    <uses-feature
36-->[com.mesibo.api:calls:1.2.78] AndroidManifest.xml:31:5-33:36
37        android:name="android.hardware.camera"
37-->[com.mesibo.api:calls:1.2.78] AndroidManifest.xml:32:9-47
38        android:required="false" />
38-->[com.mesibo.api:calls:1.2.78] AndroidManifest.xml:33:9-33
39    <uses-feature
39-->[com.mesibo.api:calls:1.2.78] AndroidManifest.xml:34:5-36:36
40        android:name="android.hardware.camera.autofocus"
40-->[com.mesibo.api:calls:1.2.78] AndroidManifest.xml:35:9-57
41        android:required="false" />
41-->[com.mesibo.api:calls:1.2.78] AndroidManifest.xml:36:9-33
42    <uses-feature
42-->[com.mesibo.api:calls:1.2.78] AndroidManifest.xml:37:5-39:35
43        android:glEsVersion="0x00020000"
43-->[com.mesibo.api:calls:1.2.78] AndroidManifest.xml:38:9-41
44        android:required="true" />
44-->[com.mesibo.api:calls:1.2.78] AndroidManifest.xml:39:9-32
45
46    <uses-permission android:name="android.permission.CAMERA" />
46-->[com.mesibo.api:calls:1.2.78] AndroidManifest.xml:41:5-65
46-->[com.mesibo.api:calls:1.2.78] AndroidManifest.xml:41:22-62
47    <uses-permission android:name="android.permission.FOREGROUND_SERVICE" />
47-->[com.mesibo.api:calls:1.2.78] AndroidManifest.xml:43:5-77
47-->[com.mesibo.api:calls:1.2.78] AndroidManifest.xml:43:22-74
48    <uses-permission
48-->[com.mesibo.api:ui:1.2.81] AndroidManifest.xml:11:5-81
49        android:name="android.permission.ACCESS_COARSE_LOCATION"
49-->[com.mesibo.api:ui:1.2.81] AndroidManifest.xml:11:22-78
50        android:required="false" />
50-->[com.mesibo.api:ContactUtils:0.1.29] AndroidManifest.xml:37:9-33
51    <uses-permission
51-->[com.mesibo.api:ui:1.2.81] AndroidManifest.xml:12:5-79
52        android:name="android.permission.ACCESS_FINE_LOCATION"
52-->[com.mesibo.api:ui:1.2.81] AndroidManifest.xml:12:22-76
53        android:required="false" />
53-->[com.mesibo.api:ContactUtils:0.1.29] AndroidManifest.xml:40:9-33
54    <uses-permission android:name="android.permission.STORAGE" />
54-->[com.mesibo.api:mediapicker:0.1.54] AndroidManifest.xml:12:5-66
54-->[com.mesibo.api:mediapicker:0.1.54] AndroidManifest.xml:12:22-63
55    <uses-permission android:name="android.permission.ACCESS_NETWORK_STATE" />
55-->[com.mesibo.api:mesibo:1.2.70] AndroidManifest.xml:11:5-79
55-->[com.mesibo.api:mesibo:1.2.70] AndroidManifest.xml:11:22-76
56    <uses-permission android:name="android.permission.ACCESS_WIFI_STATE" />
56-->[com.mesibo.api:mesibo:1.2.70] AndroidManifest.xml:12:5-76
56-->[com.mesibo.api:mesibo:1.2.70] AndroidManifest.xml:12:22-73
57    <uses-permission android:name="com.android.alarm.permission.SET_ALARM" />
57-->[com.mesibo.api:mesibo:1.2.70] AndroidManifest.xml:16:5-78
57-->[com.mesibo.api:mesibo:1.2.70] AndroidManifest.xml:16:22-75
58    <uses-permission android:name="android.permission.READ_CONTACTS" />
58-->[com.mesibo.api:ContactUtils:0.1.29] AndroidManifest.xml:11:5-72
58-->[com.mesibo.api:ContactUtils:0.1.29] AndroidManifest.xml:11:22-69
59
60    <uses-feature
60-->[com.mesibo.api:ContactUtils:0.1.29] AndroidManifest.xml:16:5-18:36
61        android:name="android.hardware.location.network"
61-->[com.mesibo.api:ContactUtils:0.1.29] AndroidManifest.xml:17:9-57
62        android:required="false" />
62-->[com.mesibo.api:ContactUtils:0.1.29] AndroidManifest.xml:18:9-33
63    <uses-feature
63-->[com.mesibo.api:ContactUtils:0.1.29] AndroidManifest.xml:19:5-21:36
64        android:name="android.hardware.location"
64-->[com.mesibo.api:ContactUtils:0.1.29] AndroidManifest.xml:20:9-49
65        android:required="false" />
65-->[com.mesibo.api:ContactUtils:0.1.29] AndroidManifest.xml:21:9-33
66    <uses-feature
66-->[com.mesibo.api:ContactUtils:0.1.29] AndroidManifest.xml:22:5-24:36
67        android:name="android.hardware.location.gps"
67-->[com.mesibo.api:ContactUtils:0.1.29] AndroidManifest.xml:23:9-53
68        android:required="false" />
68-->[com.mesibo.api:ContactUtils:0.1.29] AndroidManifest.xml:24:9-33
69    <uses-feature
69-->[com.mesibo.api:ContactUtils:0.1.29] AndroidManifest.xml:28:5-30:36
70        android:name="android.hardware.wifi"
70-->[com.mesibo.api:ContactUtils:0.1.29] AndroidManifest.xml:29:9-45
71        android:required="false" /> <!-- for android -->
71-->[com.mesibo.api:ContactUtils:0.1.29] AndroidManifest.xml:30:9-33
72    <!-- <uses-permission android:name="com.android.launcher.permission.READ_SETTINGS"/> -->
73    <!-- <uses-permission android:name="com.android.launcher.permission.WRITE_SETTINGS"/> -->
74    <!-- <uses-permission android:name="com.android.launcher.permission.INSTALL_SHORTCUT" /> -->
75    <!-- <uses-permission android:name="com.android.launcher.permission.UNINSTALL_SHORTCUT" /> -->
76    <!-- for Samsung -->
77    <uses-permission android:name="com.sec.android.provider.badge.permission.READ" />
77-->[me.leolin:ShortcutBadger:1.1.22] AndroidManifest.xml:19:5-86
77-->[me.leolin:ShortcutBadger:1.1.22] AndroidManifest.xml:19:22-83
78    <uses-permission android:name="com.sec.android.provider.badge.permission.WRITE" /> <!-- for htc -->
78-->[me.leolin:ShortcutBadger:1.1.22] AndroidManifest.xml:20:5-87
78-->[me.leolin:ShortcutBadger:1.1.22] AndroidManifest.xml:20:22-84
79    <uses-permission android:name="com.htc.launcher.permission.READ_SETTINGS" />
79-->[me.leolin:ShortcutBadger:1.1.22] AndroidManifest.xml:23:5-81
79-->[me.leolin:ShortcutBadger:1.1.22] AndroidManifest.xml:23:22-78
80    <uses-permission android:name="com.htc.launcher.permission.UPDATE_SHORTCUT" /> <!-- for sony -->
80-->[me.leolin:ShortcutBadger:1.1.22] AndroidManifest.xml:24:5-83
80-->[me.leolin:ShortcutBadger:1.1.22] AndroidManifest.xml:24:22-80
81    <uses-permission android:name="com.sonyericsson.home.permission.BROADCAST_BADGE" />
81-->[me.leolin:ShortcutBadger:1.1.22] AndroidManifest.xml:27:5-88
81-->[me.leolin:ShortcutBadger:1.1.22] AndroidManifest.xml:27:22-85
82    <uses-permission android:name="com.sonymobile.home.permission.PROVIDER_INSERT_BADGE" /> <!-- for apex -->
82-->[me.leolin:ShortcutBadger:1.1.22] AndroidManifest.xml:28:5-92
82-->[me.leolin:ShortcutBadger:1.1.22] AndroidManifest.xml:28:22-89
83    <uses-permission android:name="com.anddoes.launcher.permission.UPDATE_COUNT" /> <!-- for solid -->
83-->[me.leolin:ShortcutBadger:1.1.22] AndroidManifest.xml:31:5-84
83-->[me.leolin:ShortcutBadger:1.1.22] AndroidManifest.xml:31:22-81
84    <uses-permission android:name="com.majeur.launcher.permission.UPDATE_BADGE" /> <!-- for huawei -->
84-->[me.leolin:ShortcutBadger:1.1.22] AndroidManifest.xml:34:5-83
84-->[me.leolin:ShortcutBadger:1.1.22] AndroidManifest.xml:34:22-80
85    <uses-permission android:name="com.huawei.android.launcher.permission.CHANGE_BADGE" />
85-->[me.leolin:ShortcutBadger:1.1.22] AndroidManifest.xml:37:5-91
85-->[me.leolin:ShortcutBadger:1.1.22] AndroidManifest.xml:37:22-88
86    <uses-permission android:name="com.huawei.android.launcher.permission.READ_SETTINGS" />
86-->[me.leolin:ShortcutBadger:1.1.22] AndroidManifest.xml:38:5-92
86-->[me.leolin:ShortcutBadger:1.1.22] AndroidManifest.xml:38:22-89
87    <uses-permission android:name="com.huawei.android.launcher.permission.WRITE_SETTINGS" /> <!-- for ZUK -->
87-->[me.leolin:ShortcutBadger:1.1.22] AndroidManifest.xml:39:5-93
87-->[me.leolin:ShortcutBadger:1.1.22] AndroidManifest.xml:39:22-90
88    <uses-permission android:name="android.permission.READ_APP_BADGE" /> <!-- for OPPO -->
88-->[me.leolin:ShortcutBadger:1.1.22] AndroidManifest.xml:42:5-73
88-->[me.leolin:ShortcutBadger:1.1.22] AndroidManifest.xml:42:22-70
89    <uses-permission android:name="com.oppo.launcher.permission.READ_SETTINGS" />
89-->[me.leolin:ShortcutBadger:1.1.22] AndroidManifest.xml:45:5-82
89-->[me.leolin:ShortcutBadger:1.1.22] AndroidManifest.xml:45:22-79
90    <uses-permission android:name="com.oppo.launcher.permission.WRITE_SETTINGS" /> <!-- for EvMe -->
90-->[me.leolin:ShortcutBadger:1.1.22] AndroidManifest.xml:46:5-83
90-->[me.leolin:ShortcutBadger:1.1.22] AndroidManifest.xml:46:22-80
91    <uses-permission android:name="me.everything.badger.permission.BADGE_COUNT_READ" />
91-->[me.leolin:ShortcutBadger:1.1.22] AndroidManifest.xml:49:5-88
91-->[me.leolin:ShortcutBadger:1.1.22] AndroidManifest.xml:49:22-85
92    <uses-permission android:name="me.everything.badger.permission.BADGE_COUNT_WRITE" />
92-->[me.leolin:ShortcutBadger:1.1.22] AndroidManifest.xml:50:5-89
92-->[me.leolin:ShortcutBadger:1.1.22] AndroidManifest.xml:50:22-86
93
94    <application
94-->src/main/AndroidManifest.xml:8:5-44:19
95        android:name="com.mesibo.confdemo.MainApplication"
95-->src/main/AndroidManifest.xml:9:9-59
96        android:allowBackup="true"
96-->src/main/AndroidManifest.xml:10:9-35
97        android:appComponentFactory="android.support.v4.app.CoreComponentFactory"
97-->[com.android.support:support-compat:28.0.0] AndroidManifest.xml:22:18-91
98        android:debuggable="true"
99        android:icon="@mipmap/ic_launcher"
99-->src/main/AndroidManifest.xml:11:9-43
100        android:label="ConfDemo"
100-->src/main/AndroidManifest.xml:14:9-33
101        android:roundIcon="@mipmap/ic_launcher_round"
101-->src/main/AndroidManifest.xml:12:9-54
102        android:supportsRtl="true"
102-->src/main/AndroidManifest.xml:13:9-35
103        android:theme="@style/Theme.AppCompat.Light.NoActionBar" >
103-->src/main/AndroidManifest.xml:15:9-65
104
105        <!-- android:theme="@style/Theme.ConfDemo" -->
106        <!-- android:theme="@android:style/Theme.NoTitleBar" -->
107        <activity
107-->src/main/AndroidManifest.xml:18:9-30:20
108            android:name="com.mesibo.confdemo.app.StartUpActivity"
108-->src/main/AndroidManifest.xml:18:19-73
109            android:label="@string/app_name"
109-->src/main/AndroidManifest.xml:19:13-45
110            android:launchMode="singleTop"
110-->src/main/AndroidManifest.xml:23:13-43
111            android:noHistory="true"
111-->src/main/AndroidManifest.xml:22:13-37
112            android:screenOrientation="portrait"
112-->src/main/AndroidManifest.xml:20:13-49
113            android:windowSoftInputMode="stateAlwaysHidden" >
113-->src/main/AndroidManifest.xml:21:13-60
114            <intent-filter>
114-->src/main/AndroidManifest.xml:25:13-29:29
115                <action android:name="android.intent.action.MAIN" />
115-->src/main/AndroidManifest.xml:26:17-69
115-->src/main/AndroidManifest.xml:26:25-66
116
117                <category android:name="android.intent.category.LAUNCHER" />
117-->src/main/AndroidManifest.xml:28:17-77
117-->src/main/AndroidManifest.xml:28:27-74
118            </intent-filter>
119        </activity>
120        <activity
120-->src/main/AndroidManifest.xml:31:9-34:20
121            android:name="com.mesibo.confdemo.app.LoginActivity"
121-->src/main/AndroidManifest.xml:32:13-65
122            android:label="@string/app_name" >
122-->src/main/AndroidManifest.xml:33:13-45
123        </activity>
124        <activity
124-->src/main/AndroidManifest.xml:35:9-38:20
125            android:name="com.mesibo.confdemo.app.JoinRoomActivity"
125-->src/main/AndroidManifest.xml:36:13-68
126            android:label="@string/app_name" >
126-->src/main/AndroidManifest.xml:37:13-45
127        </activity>
128        <activity
128-->src/main/AndroidManifest.xml:39:9-42:20
129            android:name="com.mesibo.confdemo.groupcall.GroupCallActivity"
129-->src/main/AndroidManifest.xml:40:13-75
130            android:label="@string/app_name" >
130-->src/main/AndroidManifest.xml:41:13-45
131        </activity>
132        <activity
132-->[com.mesibo.api:uihelper:0.0.37] AndroidManifest.xml:20:9-22:51
133            android:name="com.mesibo.uihelper.LoginActivity"
133-->[com.mesibo.api:uihelper:0.0.37] AndroidManifest.xml:21:13-61
134            android:theme="@style/WelcomeTheme" />
134-->[com.mesibo.api:uihelper:0.0.37] AndroidManifest.xml:22:13-48
135        <activity
135-->[com.mesibo.api:uihelper:0.0.37] AndroidManifest.xml:23:9-26:51
136            android:name="com.mesibo.uihelper.ProductTourActivity"
136-->[com.mesibo.api:uihelper:0.0.37] AndroidManifest.xml:24:13-67
137            android:screenOrientation="portrait"
137-->[com.mesibo.api:uihelper:0.0.37] AndroidManifest.xml:25:13-49
138            android:theme="@style/WelcomeTheme" />
138-->[com.mesibo.api:uihelper:0.0.37] AndroidManifest.xml:26:13-48
139
140        <service
140-->[com.mesibo.api:calls:1.2.78] AndroidManifest.xml:46:9-50:63
141            android:name="com.mesibo.calls.api.ScreenSharingService"
141-->[com.mesibo.api:calls:1.2.78] AndroidManifest.xml:47:13-69
142            android:enabled="true"
142-->[com.mesibo.api:calls:1.2.78] AndroidManifest.xml:48:13-35
143            android:exported="true"
143-->[com.mesibo.api:calls:1.2.78] AndroidManifest.xml:49:13-36
144            android:foregroundServiceType="mediaProjection" />
144-->[com.mesibo.api:calls:1.2.78] AndroidManifest.xml:50:13-60
145
146        <receiver
146-->[com.mesibo.api:calls:1.2.78] AndroidManifest.xml:52:9-55:39
147            android:name="com.mesibo.calls.api.CallsReceiver"
147-->[com.mesibo.api:calls:1.2.78] AndroidManifest.xml:53:13-62
148            android:enabled="true"
148-->[com.mesibo.api:calls:1.2.78] AndroidManifest.xml:54:13-35
149            android:exported="true" />
149-->[com.mesibo.api:calls:1.2.78] AndroidManifest.xml:55:13-36
150
151        <activity
151-->[com.mesibo.api:calls:1.2.78] AndroidManifest.xml:57:9-61:63
152            android:name="com.mesibo.calls.api.MesiboCallActivity"
152-->[com.mesibo.api:calls:1.2.78] AndroidManifest.xml:58:13-67
153            android:configChanges="orientation|smallestScreenSize|screenSize|screenLayout"
153-->[com.mesibo.api:calls:1.2.78] AndroidManifest.xml:59:13-91
154            android:screenOrientation="fullUser"
154-->[com.mesibo.api:calls:1.2.78] AndroidManifest.xml:60:13-49
155            android:windowSoftInputMode="stateAlwaysHidden" />
155-->[com.mesibo.api:calls:1.2.78] AndroidManifest.xml:61:13-60
156        <activity
156-->[com.mesibo.api:calls:1.2.78] AndroidManifest.xml:62:9-70:63
157            android:name="com.mesibo.calls.api.ui.MesiboDefaultCallActivity"
157-->[com.mesibo.api:calls:1.2.78] AndroidManifest.xml:63:13-77
158            android:configChanges="orientation|keyboardHidden"
158-->[com.mesibo.api:calls:1.2.78] AndroidManifest.xml:64:13-63
159            android:screenOrientation="portrait"
159-->[com.mesibo.api:calls:1.2.78] AndroidManifest.xml:65:13-49
160            android:theme="@style/Theme.MesiboCallActivityLight"
160-->[com.mesibo.api:calls:1.2.78] AndroidManifest.xml:66:13-65
161            android:windowActionBar="false"
161-->[com.mesibo.api:calls:1.2.78] AndroidManifest.xml:67:13-44
162            android:windowFullscreen="true"
162-->[com.mesibo.api:calls:1.2.78] AndroidManifest.xml:68:13-44
163            android:windowNoTitle="true"
163-->[com.mesibo.api:calls:1.2.78] AndroidManifest.xml:69:13-41
164            android:windowSoftInputMode="stateAlwaysHidden" />
164-->[com.mesibo.api:calls:1.2.78] AndroidManifest.xml:70:13-60
165        <activity
165-->[com.mesibo.api:calls:1.2.78] AndroidManifest.xml:71:9-79:63
166            android:name="com.mesibo.calls.api.ui.MesiboDefaultGroupCallActivity"
166-->[com.mesibo.api:calls:1.2.78] AndroidManifest.xml:72:13-82
167            android:configChanges="orientation|keyboardHidden"
167-->[com.mesibo.api:calls:1.2.78] AndroidManifest.xml:73:13-63
168            android:screenOrientation="portrait"
168-->[com.mesibo.api:calls:1.2.78] AndroidManifest.xml:74:13-49
169            android:theme="@style/Theme.MesiboCallActivityLight"
169-->[com.mesibo.api:calls:1.2.78] AndroidManifest.xml:75:13-65
170            android:windowActionBar="false"
170-->[com.mesibo.api:calls:1.2.78] AndroidManifest.xml:76:13-44
171            android:windowFullscreen="true"
171-->[com.mesibo.api:calls:1.2.78] AndroidManifest.xml:77:13-44
172            android:windowNoTitle="true"
172-->[com.mesibo.api:calls:1.2.78] AndroidManifest.xml:78:13-41
173            android:windowSoftInputMode="stateAlwaysHidden" />
173-->[com.mesibo.api:calls:1.2.78] AndroidManifest.xml:79:13-60
174
175        <service
175-->[com.mesibo.api:calls:1.2.78] AndroidManifest.xml:81:9-88:19
176            android:name="com.mesibo.calls.api.MesiboConnectionService"
176-->[com.mesibo.api:calls:1.2.78] AndroidManifest.xml:82:13-72
177            android:label="MesiboConnectionService"
177-->[com.mesibo.api:calls:1.2.78] AndroidManifest.xml:83:13-52
178            android:permission="android.permission.BIND_TELECOM_CONNECTION_SERVICE" >
178-->[com.mesibo.api:calls:1.2.78] AndroidManifest.xml:84:13-84
179            <intent-filter>
179-->[com.mesibo.api:calls:1.2.78] AndroidManifest.xml:85:13-87:29
180                <action android:name="android.telecom.ConnectionService" />
180-->[com.mesibo.api:calls:1.2.78] AndroidManifest.xml:86:17-76
180-->[com.mesibo.api:calls:1.2.78] AndroidManifest.xml:86:25-73
181            </intent-filter>
182        </service>
183
184        <activity
184-->[com.mesibo.api:ui:1.2.81] AndroidManifest.xml:17:9-20:59
185            android:name="com.mesibo.messaging.MesiboActivity"
185-->[com.mesibo.api:ui:1.2.81] AndroidManifest.xml:18:13-63
186            android:theme="@style/MesiboAppTheme"
186-->[com.mesibo.api:ui:1.2.81] AndroidManifest.xml:19:13-50
187            android:windowSoftInputMode="adjustNothing" />
187-->[com.mesibo.api:ui:1.2.81] AndroidManifest.xml:20:13-56
188        <activity
188-->[com.mesibo.api:ui:1.2.81] AndroidManifest.xml:21:9-23:53
189            android:name="com.mesibo.messaging.MessagingActivity"
189-->[com.mesibo.api:ui:1.2.81] AndroidManifest.xml:22:13-66
190            android:theme="@style/MesiboAppTheme" />
190-->[com.mesibo.api:ui:1.2.81] AndroidManifest.xml:23:13-50
191        <activity
191-->[com.mesibo.api:ui:1.2.81] AndroidManifest.xml:24:9-26:53
192            android:name="com.mesibo.messaging.MessagingActivityNew"
192-->[com.mesibo.api:ui:1.2.81] AndroidManifest.xml:25:13-69
193            android:theme="@style/MesiboAppTheme" />
193-->[com.mesibo.api:ui:1.2.81] AndroidManifest.xml:26:13-50
194        <activity
194-->[com.mesibo.api:ui:1.2.81] AndroidManifest.xml:27:9-29:55
195            android:name="com.mesibo.messaging.CreateNewGroupActivity"
195-->[com.mesibo.api:ui:1.2.81] AndroidManifest.xml:28:13-71
196            android:theme="@style/CreateGroupTheme" />
196-->[com.mesibo.api:ui:1.2.81] AndroidManifest.xml:29:13-52
197        <activity
197-->[com.mesibo.api:mediapicker:0.1.54] AndroidManifest.xml:18:9-21:59
198            android:name="com.mesibo.mediapicker.AlbumStartActivity"
198-->[com.mesibo.api:mediapicker:0.1.54] AndroidManifest.xml:19:13-69
199            android:label="@string/title_activity_facebook_album"
199-->[com.mesibo.api:mediapicker:0.1.54] AndroidManifest.xml:20:13-66
200            android:theme="@style/AppTheme.NoActionBar" />
200-->[com.mesibo.api:mediapicker:0.1.54] AndroidManifest.xml:21:13-56
201        <activity
201-->[com.mesibo.api:mediapicker:0.1.54] AndroidManifest.xml:22:9-25:55
202            android:name="com.mesibo.mediapicker.zoomVuPictureActivity"
202-->[com.mesibo.api:mediapicker:0.1.54] AndroidManifest.xml:23:13-72
203            android:label="@string/title_activity_zoomPictureVu"
203-->[com.mesibo.api:mediapicker:0.1.54] AndroidManifest.xml:24:13-65
204            android:theme="@style/ImageEditorTheme" />
204-->[com.mesibo.api:mediapicker:0.1.54] AndroidManifest.xml:25:13-52
205        <activity
205-->[com.mesibo.api:mediapicker:0.1.54] AndroidManifest.xml:26:9-29:70
206            android:name="com.mesibo.mediapicker.ImageEditor"
206-->[com.mesibo.api:mediapicker:0.1.54] AndroidManifest.xml:27:13-62
207            android:theme="@style/ImageEditorTheme"
207-->[com.mesibo.api:mediapicker:0.1.54] AndroidManifest.xml:28:13-52
208            android:windowSoftInputMode="stateHidden|adjustResize" />
208-->[com.mesibo.api:mediapicker:0.1.54] AndroidManifest.xml:29:13-67
209
210        <provider
210-->[com.mesibo.api:mediapicker:0.1.54] AndroidManifest.xml:31:9-39:20
211            android:name="android.support.v4.content.FileProvider"
211-->[com.mesibo.api:mediapicker:0.1.54] AndroidManifest.xml:32:13-67
212            android:authorities="com.mesibo.confdemo.provider"
212-->[com.mesibo.api:mediapicker:0.1.54] AndroidManifest.xml:33:13-60
213            android:exported="false"
213-->[com.mesibo.api:mediapicker:0.1.54] AndroidManifest.xml:34:13-37
214            android:grantUriPermissions="true" >
214-->[com.mesibo.api:mediapicker:0.1.54] AndroidManifest.xml:35:13-47
215            <meta-data
215-->[com.mesibo.api:mediapicker:0.1.54] AndroidManifest.xml:36:13-38:58
216                android:name="android.support.FILE_PROVIDER_PATHS"
216-->[com.mesibo.api:mediapicker:0.1.54] AndroidManifest.xml:37:17-67
217                android:resource="@xml/provider_paths" />
217-->[com.mesibo.api:mediapicker:0.1.54] AndroidManifest.xml:38:17-55
218        </provider>
219
220        <service
220-->[com.mesibo.api:mesibo:1.2.70] AndroidManifest.xml:19:9-22:19
221            android:name="com.mesibo.api.MesiboService"
221-->[com.mesibo.api:mesibo:1.2.70] AndroidManifest.xml:20:13-56
222            android:enabled="true" >
222-->[com.mesibo.api:mesibo:1.2.70] AndroidManifest.xml:21:13-35
223        </service>
224
225        <receiver
225-->[com.mesibo.api:mesibo:1.2.70] AndroidManifest.xml:24:9-30:20
226            android:name="com.mesibo.api.NetworkStateReceiver"
226-->[com.mesibo.api:mesibo:1.2.70] AndroidManifest.xml:25:13-63
227            android:enabled="true" >
227-->[com.mesibo.api:mesibo:1.2.70] AndroidManifest.xml:26:13-35
228            <intent-filter>
228-->[com.mesibo.api:mesibo:1.2.70] AndroidManifest.xml:27:13-29:29
229                <action android:name="android.net.conn.CONNECTIVITY_CHANGE" />
229-->[com.mesibo.api:mesibo:1.2.70] AndroidManifest.xml:28:17-79
229-->[com.mesibo.api:mesibo:1.2.70] AndroidManifest.xml:28:25-76
230            </intent-filter>
231        </receiver>
232        <receiver
232-->[com.mesibo.api:mesibo:1.2.70] AndroidManifest.xml:31:9-43:20
233            android:name="com.mesibo.api.GenericReceiver"
233-->[com.mesibo.api:mesibo:1.2.70] AndroidManifest.xml:32:13-58
234            android:enabled="true" >
234-->[com.mesibo.api:mesibo:1.2.70] AndroidManifest.xml:33:13-35
235            <intent-filter>
235-->[com.mesibo.api:mesibo:1.2.70] AndroidManifest.xml:34:13-42:29
236                <action android:name="android.intent.action.ACTION_POWER_CONNECTED" />
236-->[com.mesibo.api:mesibo:1.2.70] AndroidManifest.xml:35:17-87
236-->[com.mesibo.api:mesibo:1.2.70] AndroidManifest.xml:35:25-84
237                <action android:name="android.intent.action.ACTION_POWER_DISCONNECTED" />
237-->[com.mesibo.api:mesibo:1.2.70] AndroidManifest.xml:36:17-90
237-->[com.mesibo.api:mesibo:1.2.70] AndroidManifest.xml:36:25-87
238                <action android:name="android.intent.action.ACTION_BATTERY_CHANGED" />
238-->[com.mesibo.api:mesibo:1.2.70] AndroidManifest.xml:37:17-87
238-->[com.mesibo.api:mesibo:1.2.70] AndroidManifest.xml:37:25-84
239                <action android:name="android.intent.action.USER_PRESENT" />
239-->[com.mesibo.api:mesibo:1.2.70] AndroidManifest.xml:38:17-77
239-->[com.mesibo.api:mesibo:1.2.70] AndroidManifest.xml:38:25-74
240                <action android:name="android.intent.action.SCREEN_ON" />
240-->[com.mesibo.api:mesibo:1.2.70] AndroidManifest.xml:39:17-74
240-->[com.mesibo.api:mesibo:1.2.70] AndroidManifest.xml:39:25-71
241                <action android:name="android.intent.action.SCREEN_OFF" />
241-->[com.mesibo.api:mesibo:1.2.70] AndroidManifest.xml:40:17-75
241-->[com.mesibo.api:mesibo:1.2.70] AndroidManifest.xml:40:25-72
242                <action android:name="android.intent.action.ACTION_SHUTDOWN" />
242-->[com.mesibo.api:mesibo:1.2.70] AndroidManifest.xml:41:17-80
242-->[com.mesibo.api:mesibo:1.2.70] AndroidManifest.xml:41:25-77
243            </intent-filter>
244        </receiver>
245
246        <provider
246-->[com.mesibo.api:mesibo:1.2.70] AndroidManifest.xml:45:9-53:20
247            android:name="com.mesibo.api.MesiboFileProvider"
247-->[com.mesibo.api:mesibo:1.2.70] AndroidManifest.xml:46:13-61
248            android:authorities="com.mesibo.confdemo.mesibofileprovider"
248-->[com.mesibo.api:mesibo:1.2.70] AndroidManifest.xml:47:13-70
249            android:exported="false"
249-->[com.mesibo.api:mesibo:1.2.70] AndroidManifest.xml:48:13-37
250            android:grantUriPermissions="true" >
250-->[com.mesibo.api:mesibo:1.2.70] AndroidManifest.xml:49:13-47
251            <meta-data
251-->[com.mesibo.api:mediapicker:0.1.54] AndroidManifest.xml:36:13-38:58
252                android:name="android.support.FILE_PROVIDER_PATHS"
252-->[com.mesibo.api:mediapicker:0.1.54] AndroidManifest.xml:37:17-67
253                android:resource="@xml/provider_paths" />
253-->[com.mesibo.api:mediapicker:0.1.54] AndroidManifest.xml:38:17-55
254        </provider>
255
256        <activity
256-->[com.google.android.gms:play-services-auth:16.0.1] AndroidManifest.xml:23:9-27:75
257            android:name="com.google.android.gms.auth.api.signin.internal.SignInHubActivity"
257-->[com.google.android.gms:play-services-auth:16.0.1] AndroidManifest.xml:24:13-93
258            android:excludeFromRecents="true"
258-->[com.google.android.gms:play-services-auth:16.0.1] AndroidManifest.xml:25:13-46
259            android:exported="false"
259-->[com.google.android.gms:play-services-auth:16.0.1] AndroidManifest.xml:26:13-37
260            android:theme="@android:style/Theme.Translucent.NoTitleBar" />
260-->[com.google.android.gms:play-services-auth:16.0.1] AndroidManifest.xml:27:13-72
261        <!--